<?xml version="1.0" encoding="UTF-8"?>
<!-- Generated by org.testng.reporters.JUnitReportReporter -->
<testsuite hostname="DESKTOP-LLRELV1" failures="0" tests="1" name="com.inetBanking.testCases.TC_LoginTest_001" time="1.274" errors="0" timestamp="2025-01-26T15:53:21 IST" skipped="0">
  <testcase classname="com.inetBanking.testCases.TC_LoginTest_001" name="loginTest" time="1.274"/>
  <system-out>
    <![CDATA[Launching chrome successfully
Test case passed But server Currently not Handle the data
Launching chrome successfully
Launching chrome successfully]]>
  </system-out>
</testsuite> <!-- com.inetBanking.testCases.TC_LoginTest_001 -->
